Removed Pin From Net: NetName=Buzz Pin=P1-1
Removed Pin From Net: NetName=MISO Pin=P1-2
Removed Pin From Net: NetName=MOSI Pin=P1-3
Removed Pin From Net: NetName=SCK Pin=P1-4
Removed Pin From Net: NetName=SS Pin=P1-5
Removed Pin From Net: NetName=Hang1 Pin=P1-7
Removed Pin From Net: NetName=Hang3 Pin=P1-9
Removed Pin From Net: NetName=Hang4 Pin=P1-10
Removed Pin From Net: NetName=Cot1 Pin=P1-11
Removed Pin From Net: NetName=Cot2 Pin=P1-12
Removed Pin From Net: NetName=Cot3 Pin=P1-13
Removed Pin From Net: NetName=+3v3 Pin=P1-16
Removed Pin From Net: NetName=+5 Pin=P1-17
Removed Pin From Net: NetName=GND Pin=P1-18
Removed Pin From Net: NetName=LED LCD Pin=P1-19
Removed Pin From Net: NetName=RS Pin=P1-20
Removed Pin From Net: NetName=RW Pin=P1-21
Removed Pin From Net: NetName=EN Pin=P1-22
Removed Pin From Net: NetName=D4 Pin=P1-23
Removed Pin From Net: NetName=D5 Pin=P1-24
Removed Pin From Net: NetName=D6 Pin=P1-25
Removed Pin From Net: NetName=D7 Pin=P1-26
Added Pin To Net: NetName=GND Pin=P1-1
Added Pin To Net: NetName=+3v3 Pin=P1-2
Added Pin To Net: NetName=Cot3 Pin=P1-3
Added Pin To Net: NetName=Cot2 Pin=P1-4
Added Pin To Net: NetName=Cot1 Pin=P1-5
Added Pin To Net: NetName=Hang4 Pin=P1-6
Added Pin To Net: NetName=Hang3 Pin=P1-7
Added Pin To Net: NetName=Hang1 Pin=P1-9
Added Pin To Net: NetName=D7 Pin=P1-10
Added Pin To Net: NetName=D6 Pin=P1-11
Added Pin To Net: NetName=D5 Pin=P1-12
Added Pin To Net: NetName=D4 Pin=P1-13
Added Pin To Net: NetName=MISO Pin=P1-14
Added Pin To Net: NetName=MOSI Pin=P1-15
Added Pin To Net: NetName=SCK Pin=P1-16
Added Pin To Net: NetName=SS Pin=P1-17
Added Pin To Net: NetName=+5 Pin=P1-18
Added Pin To Net: NetName=GND Pin=P1-19
Added Pin To Net: NetName=RS Pin=P1-21
Added Pin To Net: NetName=RW Pin=P1-22
Added Pin To Net: NetName=EN Pin=P1-23
Added Pin To Net: NetName=Buzz Pin=P1-25
Added Pin To Net: NetName=LED LCD Pin=P1-26
Added Room: Name=Power
