Removed Pin From Net: NetName=Buzz Pin=P2-1
Removed Pin From Net: NetName=MISO Pin=P2-2
Removed Pin From Net: NetName=MOSI Pin=P2-3
Removed Pin From Net: NetName=SCK Pin=P2-4
Removed Pin From Net: NetName=SS Pin=P2-5
Removed Pin From Net: NetName=Hang1 Pin=P2-7
Removed Pin From Net: NetName=Hang3 Pin=P2-9
Removed Pin From Net: NetName=Hang4 Pin=P2-10
Removed Pin From Net: NetName=Cot1 Pin=P2-11
Removed Pin From Net: NetName=Cot2 Pin=P2-12
Removed Pin From Net: NetName=Cot3 Pin=P2-13
Removed Pin From Net: NetName=+3v3 Pin=P2-16
Removed Pin From Net: NetName=+5 Pin=P2-17
Removed Pin From Net: NetName=GND Pin=P2-18
Removed Pin From Net: NetName=LED LCD Pin=P2-19
Removed Pin From Net: NetName=RS Pin=P2-20
Removed Pin From Net: NetName=RW Pin=P2-21
Removed Pin From Net: NetName=EN Pin=P2-22
Removed Pin From Net: NetName=D4 Pin=P2-23
Removed Pin From Net: NetName=D5 Pin=P2-24
Removed Pin From Net: NetName=D6 Pin=P2-25
Removed Pin From Net: NetName=D7 Pin=P2-26
Added Pin To Net: NetName=GND Pin=P2-1
Added Pin To Net: NetName=+3v3 Pin=P2-2
Added Pin To Net: NetName=Cot3 Pin=P2-3
Added Pin To Net: NetName=Cot2 Pin=P2-4
Added Pin To Net: NetName=Cot1 Pin=P2-5
Added Pin To Net: NetName=Hang4 Pin=P2-6
Added Pin To Net: NetName=Hang3 Pin=P2-7
Added Pin To Net: NetName=Hang1 Pin=P2-9
Added Pin To Net: NetName=D7 Pin=P2-10
Added Pin To Net: NetName=D6 Pin=P2-11
Added Pin To Net: NetName=D5 Pin=P2-12
Added Pin To Net: NetName=D4 Pin=P2-13
Added Pin To Net: NetName=SS Pin=P2-14
Added Pin To Net: NetName=SCK Pin=P2-15
Added Pin To Net: NetName=MOSI Pin=P2-16
Added Pin To Net: NetName=MISO Pin=P2-17
Added Pin To Net: NetName=+5 Pin=P2-18
Added Pin To Net: NetName=GND Pin=P2-19
Added Pin To Net: NetName=LED LCD Pin=P2-20
Added Pin To Net: NetName=RS Pin=P2-21
Added Pin To Net: NetName=RW Pin=P2-22
Added Pin To Net: NetName=EN Pin=P2-23
Added Pin To Net: NetName=Buzz Pin=P2-24
Added Room: Name=mAIN 2
