Added Component: Designator=*1(QS-1205CME-3A)
Added Component: Designator=C1(JP8-C1T)
Add component (AddParameter): Name = "ComponentLink1 Description"; Value = "Manufacturer"; VariantName = "[No Variations]"
Add component (AddParameter): Name = "ComponentLink1URL"; Value = "http://www.we-online.com"; VariantName = "[No Variations]"
Add component (AddParameter): Name = "ComponentLink2 Description"; Value = "Datasheet"; VariantName = "[No Variations]"
Add component (AddParameter): Name = "ComponentLink2URL"; Value = "http://katalog.we-online.de/em/datasheet/6130xx143121.pdf"; VariantName = "[No Variations]"
Add component (AddParameter): Name = "Created by"; Value = "Karrer Zheng"; VariantName = "[No Variations]"
Add component (AddParameter): Name = "Created Date"; Value = "29 March 2013"; VariantName = "[No Variations]"
Add component (AddParameter): Name = "Manufacturer"; Value = "W¨¹rth Elektronik eiSos GmbH"; VariantName = "[No Variations]"
Add component (AddParameter): Name = "NoPins"; Value = "08"; VariantName = "[No Variations]"
Add component (AddParameter): Name = "partNo"; Value = "613008143121"; VariantName = "[No Variations]"
Added Component: Designator=C2(JP7-D1T)
Add component (AddParameter): Name = "ComponentLink1 Description"; Value = "Manufacturer"; VariantName = "[No Variations]"
Add component (AddParameter): Name = "ComponentLink1URL"; Value = "http://www.we-online.com"; VariantName = "[No Variations]"
Add component (AddParameter): Name = "ComponentLink2 Description"; Value = "Datasheet"; VariantName = "[No Variations]"
Add component (AddParameter): Name = "ComponentLink2URL"; Value = "http://katalog.we-online.de/em/datasheet/6130xx143121.pdf"; VariantName = "[No Variations]"
Add component (AddParameter): Name = "Created by"; Value = "Karrer Zheng"; VariantName = "[No Variations]"
Add component (AddParameter): Name = "Created Date"; Value = "29 March 2013"; VariantName = "[No Variations]"
Add component (AddParameter): Name = "Manufacturer"; Value = "W¨¹rth Elektronik eiSos GmbH"; VariantName = "[No Variations]"
Add component (AddParameter): Name = "NoPins"; Value = "07"; VariantName = "[No Variations]"
Add component (AddParameter): Name = "partNo"; Value = "613007143121"; VariantName = "[No Variations]"
Added Component: Designator=D1(DIO-0.5A-SMALL)
Add component (AddParameter): Name = "Code - JEDEC"; Value = "DO-214-AB"; VariantName = "[No Variations]"
Add component (AddParameter): Name = "Published"; Value = "8-Jun-2000"; VariantName = "[No Variations]"
Add component (AddParameter): Name = "Publisher"; Value = "Altium Limited"; VariantName = "[No Variations]"
Add component (AddParameter): Name = "Revision"; Value = "July-2002: Re-released for DXP Platform."; VariantName = "[No Variations]"
Add component (AddParameter): Name = "Value"; Value = "1N5007"; VariantName = "[No Variations]"
Added Component: Designator=J1(JP3)
Add component (AddParameter): Name = "Value"; Value = "J3"; VariantName = "[No Variations]"
Added Component: Designator=J2(JP3)
Add component (AddParameter): Name = "Value"; Value = "J3"; VariantName = "[No Variations]"
Added Component: Designator=J3(KF2-3.5)
Add component (AddParameter): Name = "ComponentLink1 Description"; Value = "Manufacturer"; VariantName = "[No Variations]"
Add component (AddParameter): Name = "ComponentLink1URL"; Value = "http://www.we-online.com"; VariantName = "[No Variations]"
Add component (AddParameter): Name = "ComponentLink2 Description"; Value = "Datasheet"; VariantName = "[No Variations]"
Add component (AddParameter): Name = "ComponentLink2URL"; Value = "http://katalog.we-online.de/em/datasheet/6911031100xx.pdf"; VariantName = "[No Variations]"
Add component (AddParameter): Name = "Created by"; Value = "Karrer Zheng"; VariantName = "[No Variations]"
Add component (AddParameter): Name = "Created Date"; Value = "29 October 2013"; VariantName = "[No Variations]"
Add component (AddParameter): Name = "Manufacturer"; Value = "Würth Elektronik eiSos GmbH"; VariantName = "[No Variations]"
Add component (AddParameter): Name = "NoPins"; Value = "2"; VariantName = "[No Variations]"
Add component (AddParameter): Name = "partNo"; Value = "691103110002"; VariantName = "[No Variations]"
Added Component: Designator=J4(KF2-3.5)
Add component (AddParameter): Name = "ComponentLink1 Description"; Value = "Manufacturer"; VariantName = "[No Variations]"
Add component (AddParameter): Name = "ComponentLink1URL"; Value = "http://www.we-online.com"; VariantName = "[No Variations]"
Add component (AddParameter): Name = "ComponentLink2 Description"; Value = "Datasheet"; VariantName = "[No Variations]"
Add component (AddParameter): Name = "ComponentLink2URL"; Value = "http://katalog.we-online.de/em/datasheet/6911031100xx.pdf"; VariantName = "[No Variations]"
Add component (AddParameter): Name = "Created by"; Value = "Karrer Zheng"; VariantName = "[No Variations]"
Add component (AddParameter): Name = "Created Date"; Value = "29 October 2013"; VariantName = "[No Variations]"
Add component (AddParameter): Name = "Manufacturer"; Value = "Würth Elektronik eiSos GmbH"; VariantName = "[No Variations]"
Add component (AddParameter): Name = "NoPins"; Value = "2"; VariantName = "[No Variations]"
Add component (AddParameter): Name = "partNo"; Value = "691103110002"; VariantName = "[No Variations]"
Added Component: Designator=JDC1(DC-IN)
Add component (AddParameter): Name = "Value"; Value = "Jac DC"; VariantName = "[No Variations]"
Added Component: Designator=LCD1(LCD20X4A)
Add component (AddParameter): Name = "Value"; Value = "LCD 20x4A"; VariantName = "[No Variations]"
Added Component: Designator=LED1(led 1/3w)
Add component (AddParameter): Name = "Value"; Value = "LED 3 ly Single Colour"; VariantName = "[No Variations]"
Added Component: Designator=LED2(led 1/3w)
Add component (AddParameter): Name = "Value"; Value = "LED 3 ly Single Colour"; VariantName = "[No Variations]"
Added Component: Designator=LED3(led 1/3w)
Add component (AddParameter): Name = "Value"; Value = "LED 3 ly Single Colour"; VariantName = "[No Variations]"
Added Component: Designator=LED4(LED-3MM-YELLOW)
Add component (AddParameter): Name = "Value"; Value = "LED 3 ly Single Colour"; VariantName = "[No Variations]"
Added Component: Designator=Power*1(Module_BUCK_BOOT)
Added Component: Designator=Q1(QTO-92)
Add component (AddParameter): Name = "Value"; Value = "C1815"; VariantName = "[No Variations]"
Added Component: Designator=Q2(QTO-92)
Add component (AddParameter): Name = "Value"; Value = "C1815"; VariantName = "[No Variations]"
Added Component: Designator=Q3(QTO-92)
Add component (AddParameter): Name = "Value"; Value = "C1815"; VariantName = "[No Variations]"
Added Component: Designator=Q4(TO92-123)
Add component (AddParameter): Name = "Creat by"; Value = "MT-TECH.VN"; VariantName = "[No Variations]"
Add component (AddParameter): Name = "Value"; Value = "C1815"; VariantName = "[No Variations]"
Added Component: Designator=R1(RES-1/4W-SMALL)
Add component (AddParameter): Name = "Class"; Value = "Passive"; VariantName = "[No Variations]"
Add component (AddParameter): Name = "Manufacturer"; Value = "Generic Components"; VariantName = "[No Variations]"
Add component (AddParameter): Name = "Published"; Value = "08/06/2000"; VariantName = "[No Variations]"
Add component (AddParameter): Name = "Publisher"; Value = "Altium Hobart Technology Centre"; VariantName = "[No Variations]"
Add component (AddParameter): Name = "SubClass"; Value = "R"; VariantName = "[No Variations]"
Added Component: Designator=R2(RES-1/4W-SMALL)
Add component (AddParameter): Name = "Class"; Value = "Passive"; VariantName = "[No Variations]"
Add component (AddParameter): Name = "Manufacturer"; Value = "Generic Components"; VariantName = "[No Variations]"
Add component (AddParameter): Name = "Published"; Value = "08/06/2000"; VariantName = "[No Variations]"
Add component (AddParameter): Name = "Publisher"; Value = "Altium Hobart Technology Centre"; VariantName = "[No Variations]"
Add component (AddParameter): Name = "SubClass"; Value = "R"; VariantName = "[No Variations]"
Added Component: Designator=R3(RES-1/4W-SMALL)
Add component (AddParameter): Name = "Class"; Value = "Passive"; VariantName = "[No Variations]"
Add component (AddParameter): Name = "Manufacturer"; Value = "Generic Components"; VariantName = "[No Variations]"
Add component (AddParameter): Name = "Published"; Value = "08/06/2000"; VariantName = "[No Variations]"
Add component (AddParameter): Name = "Publisher"; Value = "Altium Hobart Technology Centre"; VariantName = "[No Variations]"
Add component (AddParameter): Name = "SubClass"; Value = "R"; VariantName = "[No Variations]"
Added Component: Designator=R4(RES-1/4W-SMALL)
Add component (AddParameter): Name = "Class"; Value = "Passive"; VariantName = "[No Variations]"
Add component (AddParameter): Name = "Manufacturer"; Value = "Generic Components"; VariantName = "[No Variations]"
Add component (AddParameter): Name = "Published"; Value = "08/06/2000"; VariantName = "[No Variations]"
Add component (AddParameter): Name = "Publisher"; Value = "Altium Hobart Technology Centre"; VariantName = "[No Variations]"
Add component (AddParameter): Name = "SubClass"; Value = "R"; VariantName = "[No Variations]"
Added Component: Designator=R5(RES-SMD-0805)
Add component (AddParameter): Name = "Class"; Value = "Passive"; VariantName = "[No Variations]"
Add component (AddParameter): Name = "Manufacturer"; Value = "Generic Components"; VariantName = "[No Variations]"
Add component (AddParameter): Name = "Published"; Value = "08/06/2000"; VariantName = "[No Variations]"
Add component (AddParameter): Name = "Publisher"; Value = "Altium Hobart Technology Centre"; VariantName = "[No Variations]"
Added Component: Designator=R6(RES-1/4W-SMALL)
Add component (AddParameter): Name = "Class"; Value = "Passive"; VariantName = "[No Variations]"
Add component (AddParameter): Name = "Manufacturer"; Value = "Generic Components"; VariantName = "[No Variations]"
Add component (AddParameter): Name = "Published"; Value = "08/06/2000"; VariantName = "[No Variations]"
Add component (AddParameter): Name = "Publisher"; Value = "Altium Hobart Technology Centre"; VariantName = "[No Variations]"
Add component (AddParameter): Name = "SubClass"; Value = "R"; VariantName = "[No Variations]"
Added Component: Designator=R7(RES-SMD-0805)
Add component (AddParameter): Name = "Class"; Value = "Passive"; VariantName = "[No Variations]"
Add component (AddParameter): Name = "Manufacturer"; Value = "Generic Components"; VariantName = "[No Variations]"
Add component (AddParameter): Name = "Published"; Value = "08/06/2000"; VariantName = "[No Variations]"
Add component (AddParameter): Name = "Publisher"; Value = "Altium Hobart Technology Centre"; VariantName = "[No Variations]"
Added Component: Designator=R8(RES-SMD-0101)
Add component (AddParameter): Name = "Class"; Value = "Passive"; VariantName = "[No Variations]"
Add component (AddParameter): Name = "Manufacturer"; Value = "Generic Components"; VariantName = "[No Variations]"
Add component (AddParameter): Name = "Published"; Value = "08/06/2000"; VariantName = "[No Variations]"
Add component (AddParameter): Name = "Publisher"; Value = "Altium Hobart Technology Centre"; VariantName = "[No Variations]"
Added Component: Designator=R9(RES-SMD-0101)
Add component (AddParameter): Name = "Class"; Value = "Passive"; VariantName = "[No Variations]"
Add component (AddParameter): Name = "Manufacturer"; Value = "Generic Components"; VariantName = "[No Variations]"
Add component (AddParameter): Name = "Published"; Value = "08/06/2000"; VariantName = "[No Variations]"
Add component (AddParameter): Name = "Publisher"; Value = "Altium Hobart Technology Centre"; VariantName = "[No Variations]"
Added Component: Designator=RL1(RL_SPDT_10A)
Add component (AddParameter): Name = "Value"; Value = "Relay SPDT, 10A, 12V"; VariantName = "[No Variations]"
Added Component: Designator=RL?(RL_SPDT_10A)
Add component (AddParameter): Name = "Value"; Value = "Relay SPDT, 10A, 12V"; VariantName = "[No Variations]"
Added Component: Designator=RL?(RL_SPDT_10A)
Add component (AddParameter): Name = "Value"; Value = "Relay SPDT, 10A, 12V"; VariantName = "[No Variations]"
Added Component: Designator=U1(STM32F103 Blue Pill)
Added Component: Designator=U2(SOP8smd)
Added Component: Designator=U3(BUZZER_through_hole)
Add component (AddParameter): Name = "Category"; Value = ""; VariantName = "[No Variations]"
Add component (AddParameter): Name = "CompanyID"; Value = ""; VariantName = "[No Variations]"
Add component (AddParameter): Name = "MFR"; Value = ""; VariantName = "[No Variations]"
Add component (AddParameter): Name = "MFR_URL"; Value = ""; VariantName = "[No Variations]"
Add component (AddParameter): Name = "MPN"; Value = ""; VariantName = "[No Variations]"
Add component (AddParameter): Name = "PinCount"; Value = ""; VariantName = "[No Variations]"
Add component (AddParameter): Name = "Solder"; Value = ""; VariantName = "[No Variations]"
Add component (AddParameter): Name = "Value"; Value = ""; VariantName = "[No Variations]"
Added Component: Designator=U?(DIP4/W0.3)
Add component (AddParameter): Name = "Value"; Value = "PC817"; VariantName = "[No Variations]"
Added Component: Designator=VR1(VR)
Add component (AddParameter): Name = "Value"; Value = "VR 10K"; VariantName = "[No Variations]"
Added Pin To Net: NetName=+3v3 Pin=*1-4
Added Pin To Net: NetName=+3v3 Pin=C1-8
Added Pin To Net: NetName=+3v3 Pin=U1-20
Added Net: Name=+3v3
Added Pin To Net: NetName=+5 Pin=D1-2
Added Pin To Net: NetName=+5 Pin=J1-3
Added Pin To Net: NetName=+5 Pin=J2-3
Added Pin To Net: NetName=+5 Pin=LCD1-2
Added Pin To Net: NetName=+5 Pin=Power*1-4
Added Pin To Net: NetName=+5 Pin=Q1-2
Added Pin To Net: NetName=+5 Pin=Q2-2
Added Pin To Net: NetName=+5 Pin=Q3-2
Added Pin To Net: NetName=+5 Pin=R8-1
Added Pin To Net: NetName=+5 Pin=RL1-5
Added Pin To Net: NetName=+5 Pin=U2-8
Added Pin To Net: NetName=+5 Pin=U?-3
Added Pin To Net: NetName=+5 Pin=VR1-3
Added Net: Name=+5
Added Pin To Net: NetName=+12 Pin=*1-2
Added Pin To Net: NetName=+12 Pin=Power*1-1
Added Pin To Net: NetName=+12 Pin=RL1-3
Added Pin To Net: NetName=+12 Pin=RL?-1
Added Net: Name=+12
Added Pin To Net: NetName=BAT Pin=J4-2
Added Pin To Net: NetName=BAT Pin=RL?-1
Added Pin To Net: NetName=BAT Pin=RL?-2
Added Net: Name=BAT
Added Pin To Net: NetName=Buzz Pin=R5-1
Added Pin To Net: NetName=Buzz Pin=U1-6
Added Net: Name=Buzz
Added Pin To Net: NetName=CB HongNgoai 2 Pin=J2-2
Added Pin To Net: NetName=CB HongNgoai 2 Pin=U1-17
Added Net: Name=CB HongNgoai 2
Added Pin To Net: NetName=CB HongNgoai Pin=J1-2
Added Pin To Net: NetName=CB HongNgoai Pin=U1-16
Added Net: Name=CB HongNgoai
Added Pin To Net: NetName=Cot1 Pin=C2-7
Added Pin To Net: NetName=Cot1 Pin=U1-30
Added Net: Name=Cot1
Added Pin To Net: NetName=Cot2 Pin=C2-6
Added Pin To Net: NetName=Cot2 Pin=U1-31
Added Net: Name=Cot2
Added Pin To Net: NetName=Cot3 Pin=C2-5
Added Pin To Net: NetName=Cot3 Pin=U1-32
Added Net: Name=Cot3
Added Pin To Net: NetName=D4 Pin=LCD1-11
Added Pin To Net: NetName=D4 Pin=U1-2
Added Net: Name=D4
Added Pin To Net: NetName=D5 Pin=LCD1-12
Added Pin To Net: NetName=D5 Pin=U1-3
Added Net: Name=D5
Added Pin To Net: NetName=D6 Pin=LCD1-13
Added Pin To Net: NetName=D6 Pin=U1-4
Added Net: Name=D6
Added Pin To Net: NetName=D7 Pin=LCD1-14
Added Pin To Net: NetName=D7 Pin=U1-5
Added Net: Name=D7
Added Pin To Net: NetName=EN Pin=LCD1-6
Added Pin To Net: NetName=EN Pin=U1-29
Added Net: Name=EN
Added Pin To Net: NetName=GND Pin=*1-3
Added Pin To Net: NetName=GND Pin=C1-6
Added Pin To Net: NetName=GND Pin=J1-1
Added Pin To Net: NetName=GND Pin=J2-1
Added Pin To Net: NetName=GND Pin=J3-1
Added Pin To Net: NetName=GND Pin=J4-1
Added Pin To Net: NetName=GND Pin=JDC1-2
Added Pin To Net: NetName=GND Pin=LCD1-1
Added Pin To Net: NetName=GND Pin=LCD1-16
Added Pin To Net: NetName=GND Pin=LED1-1
Added Pin To Net: NetName=GND Pin=LED2-1
Added Pin To Net: NetName=GND Pin=LED3-1
Added Pin To Net: NetName=GND Pin=Power*1-2
Added Pin To Net: NetName=GND Pin=Power*1-3
Added Pin To Net: NetName=GND Pin=Q4-1
Added Pin To Net: NetName=GND Pin=RL?-5
Added Pin To Net: NetName=GND Pin=U1-19
Added Pin To Net: NetName=GND Pin=U2-1
Added Pin To Net: NetName=GND Pin=U2-2
Added Pin To Net: NetName=GND Pin=U2-3
Added Pin To Net: NetName=GND Pin=U2-4
Added Pin To Net: NetName=GND Pin=U3-2
Added Pin To Net: NetName=GND Pin=U?-1
Added Pin To Net: NetName=GND Pin=VR1-1
Added Net: Name=GND
Added Pin To Net: NetName=Hang1 Pin=C2-4
Added Pin To Net: NetName=Hang1 Pin=U1-33
Added Net: Name=Hang1
Added Pin To Net: NetName=Hang2 Pin=C2-3
Added Pin To Net: NetName=Hang2 Pin=U1-34
Added Net: Name=Hang2
Added Pin To Net: NetName=Hang3 Pin=C2-2
Added Pin To Net: NetName=Hang3 Pin=U1-35
Added Net: Name=Hang3
Added Pin To Net: NetName=Hang4 Pin=C2-1
Added Pin To Net: NetName=Hang4 Pin=U1-36
Added Net: Name=Hang4
Added Pin To Net: NetName=LED LCD Pin=R1-1
Added Pin To Net: NetName=LED LCD Pin=U1-1
Added Net: Name=LED LCD
Added Pin To Net: NetName=LED Show Pin=R4-1
Added Pin To Net: NetName=LED Show Pin=U1-7
Added Net: Name=LED Show
Added Pin To Net: NetName=MISO Pin=C1-4
Added Pin To Net: NetName=MISO Pin=U1-12
Added Net: Name=MISO
Added Pin To Net: NetName=MOSI Pin=C1-3
Added Pin To Net: NetName=MOSI Pin=U1-13
Added Net: Name=MOSI
Added Pin To Net: NetName=NetD1_1 Pin=D1-1
Added Pin To Net: NetName=NetD1_1 Pin=LED4-2
Added Pin To Net: NetName=NetD1_1 Pin=Q4-3
Added Pin To Net: NetName=NetD1_1 Pin=RL1-4
Added Net: Name=NetD1_1
Added Pin To Net: NetName=NetJ3_2 Pin=J3-2
Added Pin To Net: NetName=NetJ3_2 Pin=RL1-1
Added Net: Name=NetJ3_2
Added Pin To Net: NetName=NetLCD1_3 Pin=LCD1-3
Added Pin To Net: NetName=NetLCD1_3 Pin=VR1-2
Added Net: Name=NetLCD1_3
Added Pin To Net: NetName=NetLCD1_15 Pin=LCD1-15
Added Pin To Net: NetName=NetLCD1_15 Pin=Q1-1
Added Net: Name=NetLCD1_15
Added Pin To Net: NetName=NetLED1_2 Pin=LED1-2
Added Pin To Net: NetName=NetLED1_2 Pin=R2-1
Added Net: Name=NetLED1_2
Added Pin To Net: NetName=NetLED2_2 Pin=LED2-2
Added Pin To Net: NetName=NetLED2_2 Pin=R3-1
Added Net: Name=NetLED2_2
Added Pin To Net: NetName=NetLED3_2 Pin=LED3-2
Added Pin To Net: NetName=NetLED3_2 Pin=R6-1
Added Net: Name=NetLED3_2
Added Pin To Net: NetName=NetLED4_1 Pin=LED4-1
Added Pin To Net: NetName=NetLED4_1 Pin=R8-2
Added Net: Name=NetLED4_1
Added Pin To Net: NetName=NetQ1_3 Pin=Q1-3
Added Pin To Net: NetName=NetQ1_3 Pin=R1-2
Added Net: Name=NetQ1_3
Added Pin To Net: NetName=NetQ2_1 Pin=Q2-1
Added Pin To Net: NetName=NetQ2_1 Pin=R6-2
Added Net: Name=NetQ2_1
Added Pin To Net: NetName=NetQ2_3 Pin=Q2-3
Added Pin To Net: NetName=NetQ2_3 Pin=R4-2
Added Net: Name=NetQ2_3
Added Pin To Net: NetName=NetQ3_1 Pin=Q3-1
Added Pin To Net: NetName=NetQ3_1 Pin=R7-1
Added Net: Name=NetQ3_1
Added Pin To Net: NetName=NetQ3_3 Pin=Q3-3
Added Pin To Net: NetName=NetQ3_3 Pin=R5-2
Added Net: Name=NetQ3_3
Added Pin To Net: NetName=NetQ4_2 Pin=Q4-2
Added Pin To Net: NetName=NetQ4_2 Pin=R9-2
Added Net: Name=NetQ4_2
Added Pin To Net: NetName=NetR2_2 Pin=R2-2
Added Pin To Net: NetName=NetR2_2 Pin=U1-25
Added Net: Name=NetR2_2
Added Pin To Net: NetName=NetR3_2 Pin=R3-2
Added Pin To Net: NetName=NetR3_2 Pin=U1-26
Added Net: Name=NetR3_2
Added Pin To Net: NetName=NetR7_2 Pin=R7-2
Added Pin To Net: NetName=NetR7_2 Pin=U3-1
Added Net: Name=NetR7_2
Added Pin To Net: NetName=NetR9_1 Pin=R9-1
Added Pin To Net: NetName=NetR9_1 Pin=U?-4
Added Net: Name=NetR9_1
Added Pin To Net: NetName=RS Pin=LCD1-4
Added Pin To Net: NetName=RS Pin=U1-27
Added Net: Name=RS
Added Pin To Net: NetName=RST RFID Pin=C1-7
Added Pin To Net: NetName=RST RFID Pin=U1-9
Added Net: Name=RST RFID
Added Pin To Net: NetName=RW Pin=LCD1-5
Added Pin To Net: NetName=RW Pin=U1-28
Added Net: Name=RW
Added Pin To Net: NetName=SCK Pin=C1-2
Added Pin To Net: NetName=SCK Pin=U1-11
Added Net: Name=SCK
Added Pin To Net: NetName=SCL Pin=U1-14
Added Pin To Net: NetName=SCL Pin=U2-6
Added Net: Name=SCL
Added Pin To Net: NetName=SDA Pin=U1-15
Added Pin To Net: NetName=SDA Pin=U2-5
Added Net: Name=SDA
Added Pin To Net: NetName=SIGN RELAY Pin=U1-8
Added Pin To Net: NetName=SIGN RELAY Pin=U?-2
Added Net: Name=SIGN RELAY
Added Pin To Net: NetName=SS Pin=C1-1
Added Pin To Net: NetName=SS Pin=U1-10
Added Net: Name=SS
Added Pin To Net: NetName=VCC Pin=JDC1-1
Added Pin To Net: NetName=VCC Pin=RL?-3
Added Pin To Net: NetName=VCC Pin=RL?-3
Added Pin To Net: NetName=VCC Pin=RL?-4
Added Net: Name=VCC
Added Class: Name=Main
Added Class: Name=Power
Added Room: Name=Main
Added Room: Name=Power
